
The following have been reloaded with a version change:
  1) cuda/11.8.0-fasrc01 => cuda/12.4.1-fasrc01
  2) cudnn/8.9.2.26_cuda11-fasrc01 => cudnn/9.1.1.17_cuda12-fasrc01

The following values were not passed to `accelerate launch` and had defaults used instead:
	`--num_processes` was set to a value of `4`
		More than one GPU was found, enabling multi-GPU training.
		If this was unintended please pass in `--num_processes=1`.
	`--num_machines` was set to a value of `1`
	`--mixed_precision` was set to a value of `'no'`
	`--dynamo_backend` was set to a value of `'no'`
To avoid this warning pass in values for each of the problematic parameters or run `accelerate config`.
[W1214 23:29:58.071543407 socket.cpp:752] [c10d] The client socket cannot be initialized to connect to [localhost]:29500 (errno: 97 - Address family not supported by protocol).
The `load_in_4bit` and `load_in_8bit` arguments are deprecated and will be removed in the future versions. Please, pass a `BitsAndBytesConfig` object in `quantization_config` argument instead.
The `load_in_4bit` and `load_in_8bit` arguments are deprecated and will be removed in the future versions. Please, pass a `BitsAndBytesConfig` object in `quantization_config` argument instead.
The `load_in_4bit` and `load_in_8bit` arguments are deprecated and will be removed in the future versions. Please, pass a `BitsAndBytesConfig` object in `quantization_config` argument instead.
The `load_in_4bit` and `load_in_8bit` arguments are deprecated and will be removed in the future versions. Please, pass a `BitsAndBytesConfig` object in `quantization_config` argument instead.
The `load_in_4bit` and `load_in_8bit` arguments are deprecated and will be removed in the future versions. Please, pass a `BitsAndBytesConfig` object in `quantization_config` argument instead.
2024-12-14 23:31:31,594 [INFO] Based on the current allocation process, no modules could be assigned to the following devices due to insufficient memory:
  - 0: 526398464 bytes required
  - 1: 513802240 bytes required
  - 2: 513802240 bytes required
These minimum requirements are specific to this allocation attempt and may vary. Consider increasing the available memory for these devices to at least the specified minimum, or adjusting the model config.
The `load_in_4bit` and `load_in_8bit` arguments are deprecated and will be removed in the future versions. Please, pass a `BitsAndBytesConfig` object in `quantization_config` argument instead.
The `load_in_4bit` and `load_in_8bit` arguments are deprecated and will be removed in the future versions. Please, pass a `BitsAndBytesConfig` object in `quantization_config` argument instead.
The `load_in_4bit` and `load_in_8bit` arguments are deprecated and will be removed in the future versions. Please, pass a `BitsAndBytesConfig` object in `quantization_config` argument instead.
2024-12-14 23:31:32,230 [INFO] Based on the current allocation process, no modules could be assigned to the following devices due to insufficient memory:
  - 0: 526398464 bytes required
  - 1: 513802240 bytes required
  - 2: 513802240 bytes required
These minimum requirements are specific to this allocation attempt and may vary. Consider increasing the available memory for these devices to at least the specified minimum, or adjusting the model config.
2024-12-14 23:31:32,254 [INFO] Based on the current allocation process, no modules could be assigned to the following devices due to insufficient memory:
  - 0: 526398464 bytes required
  - 1: 513802240 bytes required
  - 2: 513802240 bytes required
These minimum requirements are specific to this allocation attempt and may vary. Consider increasing the available memory for these devices to at least the specified minimum, or adjusting the model config.
2024-12-14 23:31:32,276 [INFO] Based on the current allocation process, no modules could be assigned to the following devices due to insufficient memory:
  - 0: 526398464 bytes required
  - 1: 513802240 bytes required
  - 2: 513802240 bytes required
These minimum requirements are specific to this allocation attempt and may vary. Consider increasing the available memory for these devices to at least the specified minimum, or adjusting the model config.
The `load_in_4bit` and `load_in_8bit` arguments are deprecated and will be removed in the future versions. Please, pass a `BitsAndBytesConfig` object in `quantization_config` argument instead.
2024-12-14 23:31:34,432 [INFO] Based on the current allocation process, no modules could be assigned to the following devices due to insufficient memory:
  - 0: 526398464 bytes required
  - 1: 513802240 bytes required
  - 2: 513802240 bytes required
These minimum requirements are specific to this allocation attempt and may vary. Consider increasing the available memory for these devices to at least the specified minimum, or adjusting the model config.
The `load_in_4bit` and `load_in_8bit` arguments are deprecated and will be removed in the future versions. Please, pass a `BitsAndBytesConfig` object in `quantization_config` argument instead.
2024-12-14 23:31:34,499 [INFO] Based on the current allocation process, no modules could be assigned to the following devices due to insufficient memory:
  - 0: 526398464 bytes required
  - 1: 513802240 bytes required
  - 2: 513802240 bytes required
These minimum requirements are specific to this allocation attempt and may vary. Consider increasing the available memory for these devices to at least the specified minimum, or adjusting the model config.
The `load_in_4bit` and `load_in_8bit` arguments are deprecated and will be removed in the future versions. Please, pass a `BitsAndBytesConfig` object in `quantization_config` argument instead.
The `load_in_4bit` and `load_in_8bit` arguments are deprecated and will be removed in the future versions. Please, pass a `BitsAndBytesConfig` object in `quantization_config` argument instead.
2024-12-14 23:31:34,558 [INFO] Based on the current allocation process, no modules could be assigned to the following devices due to insufficient memory:
  - 0: 526398464 bytes required
  - 1: 513802240 bytes required
  - 2: 513802240 bytes required
These minimum requirements are specific to this allocation attempt and may vary. Consider increasing the available memory for these devices to at least the specified minimum, or adjusting the model config.
2024-12-14 23:31:34,561 [INFO] Based on the current allocation process, no modules could be assigned to the following devices due to insufficient memory:
  - 0: 526398464 bytes required
  - 1: 513802240 bytes required
  - 2: 513802240 bytes required
These minimum requirements are specific to this allocation attempt and may vary. Consider increasing the available memory for these devices to at least the specified minimum, or adjusting the model config.
[W1214 23:31:37.182650848 socket.cpp:752] [c10d] The client socket cannot be initialized to connect to [localhost]:29500 (errno: 97 - Address family not supported by protocol).
[W1214 23:31:37.182700490 socket.cpp:752] [c10d] The client socket cannot be initialized to connect to [localhost]:29500 (errno: 97 - Address family not supported by protocol).
[W1214 23:31:37.182765802 socket.cpp:752] [c10d] The client socket cannot be initialized to connect to [localhost]:29500 (errno: 97 - Address family not supported by protocol).
[W1214 23:31:37.310211457 socket.cpp:752] [c10d] The client socket cannot be initialized to connect to [localhost]:29500 (errno: 97 - Address family not supported by protocol).
2024-12-14 23:31:38,598 [WARNING] Detected kernel version 4.18.0, which is below the recommended minimum of 5.5.0; this can cause the process to hang. It is recommended to upgrade the kernel to the minimum version or higher.
slurmstepd: error: *** JOB 62489221 ON holygpu8a13203 CANCELLED AT 2024-12-14T23:32:59 ***
W1214 23:32:59.631284 1848403 site-packages/torch/distributed/elastic/agent/server/api.py:704] Received Signals.SIGTERM death signal, shutting down workers
W1214 23:32:59.656021 1848403 site-packages/torch/distributed/elastic/multiprocessing/api.py:897] Sending process 1848427 closing signal SIGTERM
W1214 23:32:59.658397 1848403 site-packages/torch/distributed/elastic/multiprocessing/api.py:897] Sending process 1848428 closing signal SIGTERM
W1214 23:32:59.658571 1848403 site-packages/torch/distributed/elastic/multiprocessing/api.py:897] Sending process 1848429 closing signal SIGTERM
W1214 23:32:59.658709 1848403 site-packages/torch/distributed/elastic/multiprocessing/api.py:897] Sending process 1848430 closing signal SIGTERM
